<?xml version="1.0" encoding="UTF-8"?>
<robot generator="Robot 3.2.2 (Python 3.8.5 on darwin)" generated="20200924 17:43:46.060" rpa="false">
<suite id="s1" name="Search" source="/Users/lukehowsam/srv/dev/robot-framework-course/section-5/search.robot">
<kw name="Run Keywords" library="BuiltIn" type="setup">
<doc>Executes all the given keywords in a sequence.</doc>
<status status="PASS" starttime="20200924 17:43:46.218" endtime="20200924 17:43:46.218"></status>
</kw>
<test id="s1-t1" name="User should experience error if they enter a product that doesn't exist">
<kw name="Open Browser" library="SeleniumLibrary">
<doc>Opens a new browser instance to the optional ``url``.</doc>
<arguments>
<arg>${URL}</arg>
<arg>${BROWSER}</arg>
</arguments>
<msg timestamp="20200924 17:43:46.220" level="INFO">Opening browser 'chrome' to base url 'http://demostore.supersqa.com'.</msg>
<status status="PASS" starttime="20200924 17:43:46.219" endtime="20200924 17:43:51.925"></status>
</kw>
<kw name="Input Text" library="SeleniumLibrary">
<doc>Types the given ``text`` into the text field identified by ``locator``.</doc>
<arguments>
<arg>${SEARCH}</arg>
<arg>${PRODUCT}</arg>
</arguments>
<msg timestamp="20200924 17:43:51.926" level="INFO">Typing text 'Flying Ninja' into text field 'xpath=//*[@id="woocommerce-product-search-field-0"]'.</msg>
<status status="PASS" starttime="20200924 17:43:51.925" endtime="20200924 17:43:52.073"></status>
</kw>
<kw name="Press Keys" library="SeleniumLibrary">
<doc>Simulates the user pressing key(s) to an element or on the active browser.</doc>
<arguments>
<arg>${SEARCH}</arg>
<arg>ENTER</arg>
</arguments>
<msg timestamp="20200924 17:43:52.074" level="INFO">Sending key(s) ('ENTER',) to xpath=//*[@id="woocommerce-product-search-field-0"] element.</msg>
<msg timestamp="20200924 17:43:52.343" level="INFO">Pressing special key ENTER to element.</msg>
<msg timestamp="20200924 17:43:52.343" level="INFO">Releasing special key ENTER.</msg>
<status status="PASS" starttime="20200924 17:43:52.073" endtime="20200924 17:43:52.654"></status>
</kw>
<kw name="Sleep" library="BuiltIn">
<doc>Pauses the test executed for the given time.</doc>
<arguments>
<arg>3</arg>
</arguments>
<msg timestamp="20200924 17:43:55.655" level="INFO">Slept 3 seconds</msg>
<status status="PASS" starttime="20200924 17:43:52.654" endtime="20200924 17:43:55.655"></status>
</kw>
<kw name="Element Should Be Visible" library="SeleniumLibrary">
<doc>Verifies that the element identified by ``locator`` is visible.</doc>
<arguments>
<arg>${ERROR}</arg>
</arguments>
<msg timestamp="20200924 17:43:55.674" level="INFO">Element '//*[@id="main"]/p' is displayed.</msg>
<status status="PASS" starttime="20200924 17:43:55.655" endtime="20200924 17:43:55.674"></status>
</kw>
<kw name="Sleep" library="BuiltIn">
<doc>Pauses the test executed for the given time.</doc>
<arguments>
<arg>1</arg>
</arguments>
<msg timestamp="20200924 17:43:56.677" level="INFO">Slept 1 second</msg>
<status status="PASS" starttime="20200924 17:43:55.674" endtime="20200924 17:43:56.677"></status>
</kw>
<kw name="Location Should Contain" library="SeleniumLibrary">
<doc>Verifies that the current URL contains ``expected``.</doc>
<arguments>
<arg>${EXPECTED_URL_TEXT}</arg>
</arguments>
<msg timestamp="20200924 17:43:56.682" level="INFO">Current location contains 'http://demostore.supersqa.com/?s=Flying+Ninja&amp;post_type=product'.</msg>
<status status="PASS" starttime="20200924 17:43:56.677" endtime="20200924 17:43:56.682"></status>
</kw>
<kw name="Sleep" library="BuiltIn">
<doc>Pauses the test executed for the given time.</doc>
<arguments>
<arg>1</arg>
</arguments>
<msg timestamp="20200924 17:43:57.685" level="INFO">Slept 1 second</msg>
<status status="PASS" starttime="20200924 17:43:56.682" endtime="20200924 17:43:57.685"></status>
</kw>
<status status="PASS" starttime="20200924 17:43:46.219" endtime="20200924 17:43:57.685" critical="yes"></status>
</test>
<kw name="Run Keywords" library="BuiltIn" type="teardown">
<doc>Executes all the given keywords in a sequence.</doc>
<arguments>
<arg>Close Browser</arg>
</arguments>
<kw name="Close Browser" library="SeleniumLibrary">
<doc>Closes the current browser.</doc>
<status status="PASS" starttime="20200924 17:43:57.686" endtime="20200924 17:43:57.765"></status>
</kw>
<status status="PASS" starttime="20200924 17:43:57.686" endtime="20200924 17:43:57.765"></status>
</kw>
<status status="PASS" starttime="20200924 17:43:46.061" endtime="20200924 17:43:57.765"></status>
</suite>
<statistics>
<total>
<stat pass="1" fail="0">Critical Tests</stat>
<stat pass="1" fail="0">All Tests</stat>
</total>
<tag>
</tag>
<suite>
<stat pass="1" fail="0" id="s1" name="Search">Search</stat>
</suite>
</statistics>
<errors>
</errors>
</robot>
