<?xml version="1.0" encoding="UTF-8"?>
<robot generator="Robot 3.2.2 (Python 3.8.5 on darwin)" generated="20200923 19:41:33.523" rpa="false">
<suite id="s1" name="My Account" source="/Users/lukehowsam/srv/dev/robot-framework-course/section-3/my_account.robot">
<kw name="Run Keywords" library="BuiltIn" type="setup">
<doc>Executes all the given keywords in a sequence.</doc>
<status status="PASS" starttime="20200923 19:41:33.758" endtime="20200923 19:41:33.758"></status>
</kw>
<test id="s1-t1" name="Login attempt with invalid user should throw error">
<kw name="Open Browser" library="SeleniumLibrary">
<doc>Opens a new browser instance to the optional ``url``.</doc>
<arguments>
<arg>${URL}</arg>
<arg>${BROWSER}</arg>
</arguments>
<msg timestamp="20200923 19:41:33.759" level="INFO">Opening browser 'chrome' to base url 'http://demostore.supersqa.com'.</msg>
<status status="PASS" starttime="20200923 19:41:33.759" endtime="20200923 19:41:40.387"></status>
</kw>
<kw name="Click Element" library="SeleniumLibrary">
<doc>Click the element identified by ``locator``.</doc>
<arguments>
<arg>${MY_ACCOUNT}</arg>
</arguments>
<msg timestamp="20200923 19:41:40.388" level="INFO">Clicking element 'xpath=//*[@id="site-navigation"]/div[1]/ul/li[4]/a'.</msg>
<status status="PASS" starttime="20200923 19:41:40.388" endtime="20200923 19:41:41.259"></status>
</kw>
<kw name="Input Text" library="SeleniumLibrary">
<doc>Types the given ``text`` into the text field identified by ``locator``.</doc>
<arguments>
<arg>id=username</arg>
<arg>fakeuser</arg>
</arguments>
<msg timestamp="20200923 19:41:41.260" level="INFO">Typing text 'fakeuser' into text field 'id=username'.</msg>
<status status="PASS" starttime="20200923 19:41:41.260" endtime="20200923 19:41:41.396"></status>
</kw>
<kw name="Input Text" library="SeleniumLibrary">
<doc>Types the given ``text`` into the text field identified by ``locator``.</doc>
<arguments>
<arg>id=password</arg>
<arg>fakepassword</arg>
</arguments>
<msg timestamp="20200923 19:41:41.396" level="INFO">Typing text 'fakepassword' into text field 'id=password'.</msg>
<status status="PASS" starttime="20200923 19:41:41.396" endtime="20200923 19:41:41.464"></status>
</kw>
<kw name="Click Element" library="SeleniumLibrary">
<doc>Click the element identified by ``locator``.</doc>
<arguments>
<arg>name=login</arg>
</arguments>
<msg timestamp="20200923 19:41:41.464" level="INFO">Clicking element 'name=login'.</msg>
<status status="PASS" starttime="20200923 19:41:41.464" endtime="20200923 19:41:42.098"></status>
</kw>
<kw name="Sleep" library="BuiltIn">
<doc>Pauses the test executed for the given time.</doc>
<arguments>
<arg>3</arg>
</arguments>
<msg timestamp="20200923 19:41:45.099" level="INFO">Slept 3 seconds</msg>
<status status="PASS" starttime="20200923 19:41:42.098" endtime="20200923 19:41:45.100"></status>
</kw>
<kw name="Element Should Be Visible" library="SeleniumLibrary">
<doc>Verifies that the element identified by ``locator`` is visible.</doc>
<arguments>
<arg>class=woocommerce-error</arg>
</arguments>
<msg timestamp="20200923 19:41:45.131" level="INFO">Element 'class=woocommerce-error' is displayed.</msg>
<status status="PASS" starttime="20200923 19:41:45.100" endtime="20200923 19:41:45.131"></status>
</kw>
<kw name="Page Should Contain" library="SeleniumLibrary">
<doc>Verifies that current page contains ``text``.</doc>
<arguments>
<arg>${ERROR_STR}</arg>
</arguments>
<msg timestamp="20200923 19:41:45.144" level="INFO">Current page contains text 'ERROR: Invalid username. Lost your password?'.</msg>
<status status="PASS" starttime="20200923 19:41:45.132" endtime="20200923 19:41:45.144"></status>
</kw>
<status status="PASS" starttime="20200923 19:41:33.758" endtime="20200923 19:41:45.145" critical="yes"></status>
</test>
<kw name="Run Keywords" library="BuiltIn" type="teardown">
<doc>Executes all the given keywords in a sequence.</doc>
<arguments>
<arg>Close Browser</arg>
</arguments>
<kw name="Close Browser" library="SeleniumLibrary">
<doc>Closes the current browser.</doc>
<status status="PASS" starttime="20200923 19:41:45.146" endtime="20200923 19:41:45.230"></status>
</kw>
<status status="PASS" starttime="20200923 19:41:45.145" endtime="20200923 19:41:45.230"></status>
</kw>
<status status="PASS" starttime="20200923 19:41:33.524" endtime="20200923 19:41:45.230"></status>
</suite>
<statistics>
<total>
<stat pass="1" fail="0">Critical Tests</stat>
<stat pass="1" fail="0">All Tests</stat>
</total>
<tag>
</tag>
<suite>
<stat pass="1" fail="0" id="s1" name="My Account">My Account</stat>
</suite>
</statistics>
<errors>
</errors>
</robot>
