<?xml version="1.0" encoding="UTF-8"?>
<robot generator="Robot 3.2.2 (Python 3.8.5 on darwin)" generated="20200923 19:36:31.441" rpa="false">
<suite id="s1" name="My Account" source="/Users/lukehowsam/srv/dev/robot-framework-course/section-3/my_account.robot">
<kw name="Run Keywords" library="BuiltIn" type="setup">
<doc>Executes all the given keywords in a sequence.</doc>
<status status="PASS" starttime="20200923 19:36:31.640" endtime="20200923 19:36:31.641"></status>
</kw>
<test id="s1-t1" name="Login attempt with invalid user should throw error">
<kw name="Open Browser" library="SeleniumLibrary">
<doc>Opens a new browser instance to the optional ``url``.</doc>
<arguments>
<arg>${URL}</arg>
<arg>${BROWSER}</arg>
</arguments>
<msg timestamp="20200923 19:36:31.642" level="INFO">Opening browser 'chrome' to base url 'http://demostore.supersqa.com'.</msg>
<status status="PASS" starttime="20200923 19:36:31.641" endtime="20200923 19:36:38.447"></status>
</kw>
<kw name="Click Element" library="SeleniumLibrary">
<doc>Click the element identified by ``locator``.</doc>
<arguments>
<arg>${MY_ACCOUNT}</arg>
</arguments>
<msg timestamp="20200923 19:36:38.448" level="INFO">Clicking element 'xpath=//*[@id="site-navigation"]/div[1]/ul/li[4]/a'.</msg>
<status status="PASS" starttime="20200923 19:36:38.448" endtime="20200923 19:36:39.344"></status>
</kw>
<kw name="Input Text" library="SeleniumLibrary">
<doc>Types the given ``text`` into the text field identified by ``locator``.</doc>
<arguments>
<arg>id=username</arg>
<arg>fakeuser</arg>
</arguments>
<msg timestamp="20200923 19:36:39.345" level="INFO">Typing text 'fakeuser' into text field 'id=username'.</msg>
<status status="PASS" starttime="20200923 19:36:39.344" endtime="20200923 19:36:39.499"></status>
</kw>
<kw name="Input Text" library="SeleniumLibrary">
<doc>Types the given ``text`` into the text field identified by ``locator``.</doc>
<arguments>
<arg>id=password</arg>
<arg>fakepassword</arg>
</arguments>
<msg timestamp="20200923 19:36:39.500" level="INFO">Typing text 'fakepassword' into text field 'id=password'.</msg>
<status status="PASS" starttime="20200923 19:36:39.499" endtime="20200923 19:36:39.567"></status>
</kw>
<kw name="Click Element" library="SeleniumLibrary">
<doc>Click the element identified by ``locator``.</doc>
<arguments>
<arg>name=login</arg>
</arguments>
<msg timestamp="20200923 19:36:39.568" level="INFO">Clicking element 'name=login'.</msg>
<status status="PASS" starttime="20200923 19:36:39.568" endtime="20200923 19:36:40.118"></status>
</kw>
<status status="PASS" starttime="20200923 19:36:31.641" endtime="20200923 19:36:40.119" critical="yes"></status>
</test>
<kw name="Run Keywords" library="BuiltIn" type="teardown">
<doc>Executes all the given keywords in a sequence.</doc>
<arguments>
<arg>Close Browser</arg>
</arguments>
<kw name="Close Browser" library="SeleniumLibrary">
<doc>Closes the current browser.</doc>
<status status="PASS" starttime="20200923 19:36:40.121" endtime="20200923 19:36:40.204"></status>
</kw>
<status status="PASS" starttime="20200923 19:36:40.121" endtime="20200923 19:36:40.204"></status>
</kw>
<status status="PASS" starttime="20200923 19:36:31.442" endtime="20200923 19:36:40.204"></status>
</suite>
<statistics>
<total>
<stat pass="1" fail="0">Critical Tests</stat>
<stat pass="1" fail="0">All Tests</stat>
</total>
<tag>
</tag>
<suite>
<stat pass="1" fail="0" id="s1" name="My Account">My Account</stat>
</suite>
</statistics>
<errors>
</errors>
</robot>
